<?xml version="1.0" encoding="UTF-8"?>
<testng-results ignored="0" total="1" passed="1" failed="0" skipped="0">
  <reporter-output>
  </reporter-output>
  <suite started-at="2021-02-21T15:52:31 EST" name="Suite" finished-at="2021-02-21T15:52:39 EST" duration-ms="8172">
    <groups>
    </groups>
    <test started-at="2021-02-21T15:52:31 EST" name="Test" finished-at="2021-02-21T15:52:39 EST" duration-ms="8172">
      <class name="sprint1_test.day2">
        <test-method is-config="true" signature="Setup()[pri:0, instance:sprint1_test.day2@13b13b5d]" started-at="2021-02-21T15:52:31 EST" name="Setup" finished-at="2021-02-21T15:52:38 EST" duration-ms="6954" status="PASS">
          <reporter-output>
          </reporter-output>
        </test-method> <!-- Setup -->
        <test-method signature="OpenSignInPage()[pri:0, instance:sprint1_test.day2@13b13b5d]" started-at="2021-02-21T15:52:38 EST" name="OpenSignInPage" finished-at="2021-02-21T15:52:39 EST" duration-ms="1199" status="PASS">
          <reporter-output>
          </reporter-output>
        </test-method> <!-- OpenSignInPage -->
      </class> <!-- sprint1_test.day2 -->
    </test> <!-- Test -->
  </suite> <!-- Suite -->
</testng-results>
